
obj/kern/kernel:     file format elf32-i386

Contents of .stab section:

Symnum n_type n_othr n_desc n_value  n_strx String

-1     HdrSym 0      1212   00001910 1     
0      SO     0      0      f0100000 1      {standard input}
1      SOL    0      0      f010000c 18     kern/entry.S
2      SLINE  0      44     f010000c 0      
3      SLINE  0      57     f0100015 0      
4      SLINE  0      58     f010001a 0      
5      SLINE  0      60     f010001d 0      
6      SLINE  0      61     f0100020 0      
7      SLINE  0      62     f0100025 0      
8      SLINE  0      67     f0100028 0      
9      SLINE  0      68     f010002d 0      
10     SLINE  0      74     f010002f 0      
11     SLINE  0      77     f0100034 0      
12     SLINE  0      80     f0100039 0      
13     SLINE  0      83     f010003e 0      
14     SO     0      2      f0100040 31     kern/entrypgdir.c
15     OPT    0      0      00000000 49     gcc2_compiled.
16     LSYM   0      0      00000000 64     int:t(0,1)=r(0,1);-2147483648;2147483647;
17     LSYM   0      0      00000000 106    char:t(0,2)=r(0,2);0;127;
18     LSYM   0      0      00000000 132    long int:t(0,3)=r(0,3);-2147483648;2147483647;
19     LSYM   0      0      00000000 179    unsigned int:t(0,4)=r(0,4);0;4294967295;
20     LSYM   0      0      00000000 220    long unsigned int:t(0,5)=r(0,5);0;4294967295;
21     LSYM   0      0      00000000 266    long long int:t(0,6)=r(0,6);-0;4294967295;
22     LSYM   0      0      00000000 309    long long unsigned int:t(0,7)=r(0,7);0;-1;
23     LSYM   0      0      00000000 352    short int:t(0,8)=r(0,8);-32768;32767;
24     LSYM   0      0      00000000 390    short unsigned int:t(0,9)=r(0,9);0;65535;
25     LSYM   0      0      00000000 432    signed char:t(0,10)=r(0,10);-128;127;
26     LSYM   0      0      00000000 470    unsigned char:t(0,11)=r(0,11);0;255;
27     LSYM   0      0      00000000 507    float:t(0,12)=r(0,1);4;0;
28     LSYM   0      0      00000000 533    double:t(0,13)=r(0,1);8;0;
29     LSYM   0      0      00000000 560    long double:t(0,14)=r(0,1);12;0;
30     LSYM   0      0      00000000 593    _Decimal32:t(0,15)=r(0,1);4;0;
31     LSYM   0      0      00000000 624    _Decimal64:t(0,16)=r(0,1);8;0;
32     LSYM   0      0      00000000 655    _Decimal128:t(0,17)=r(0,1);16;0;
33     LSYM   0      0      00000000 688    void:t(0,18)=(0,18)
34     BINCL  0      0      000159c2 708    ./inc/mmu.h
35     BINCL  0      0      0000607a 720    ./inc/types.h
36     LSYM   0      0      00000000 734    bool:t(2,1)=(2,2)=eFalse:0,True:1,;
37     LSYM   0      0      00000000 770     :T(2,3)=efalse:0,true:1,;
38     LSYM   0      0      00000000 797    int8_t:t(2,4)=(0,10)
39     LSYM   0      0      00000000 818    uint8_t:t(2,5)=(0,11)
40     LSYM   0      0      00000000 840    int16_t:t(2,6)=(0,8)
41     LSYM   0      0      00000000 861    uint16_t:t(2,7)=(0,9)
42     LSYM   0      0      00000000 883    int32_t:t(2,8)=(0,1)
43     LSYM   0      0      00000000 904    uint32_t:t(2,9)=(0,4)
44     LSYM   0      0      00000000 926    int64_t:t(2,10)=(0,6)
45     LSYM   0      0      00000000 948    uint64_t:t(2,11)=(0,7)
46     LSYM   0      0      00000000 971    intptr_t:t(2,12)=(2,8)
47     LSYM   0      0      00000000 994    uintptr_t:t(2,13)=(2,9)
48     LSYM   0      0      00000000 1018   physaddr_t:t(2,14)=(2,9)
49     LSYM   0      0      00000000 1043   ppn_t:t(2,15)=(2,9)
50     LSYM   0      0      00000000 1063   size_t:t(2,16)=(2,9)
51     LSYM   0      0      00000000 1084   ssize_t:t(2,17)=(2,8)
52     LSYM   0      0      00000000 1106   off_t:t(2,18)=(2,8)
53     EINCL  0      0      00000000 0      
54     LSYM   0      0      00000000 1126   Segdesc:T(1,1)=s8sd_lim_15_0:(0,4),0,16;sd_base_15_0:(0,4),16,16;sd_base_23_16:(0,4),32,8;sd_type:(0,4),40,4;sd_s:(0,4),44,1;sd_dpl:(0,4),45,2;sd_p:(0,4),47,1;sd_lim_19_16:(0,4),48,4;sd_avl:(0,4),52,1;sd_rsv1:(0,4),53,1;sd_db:(0,4),54,1;sd_g:(0,4),55,1;sd_base_31_24:(0,4),56,8;;
55     LSYM   0      0      00000000 1406   Taskstate:T(1,2)=s104ts_link:(2,9),0,32;ts_esp0:(2,13),32,32;ts_ss0:(2,7),64,16;ts_padding1:(2,7),80,16;ts_esp1:(2,13),96,32;ts_ss1:(2,7),128,16;ts_padding2:(2,7),144,16;ts_esp2:(2,13),160,32;ts_ss2:(2,7),192,16;ts_padding3:(2,7),208,16;ts_cr3:(2,14),224,32;ts_eip:(2,13),256,32;ts_eflags:(2,9),288,32;ts_eax:(2,9),320,32;ts_ecx:(2,9),352,32;ts_edx:(2,9),384,32;ts_ebx:(2,9),416,32;ts_esp:(2,13),448,32;ts_ebp:(2,13),480,32;ts_esi:(2,9),512,32;ts_edi:(2,9),544,32;ts_es:(2,7),576,16;ts_padding4:(2,7),592,16;ts_cs:(2,7),608,16;ts_padding5:(2,7),624,16;ts_ss:(2,7),640,16;ts_padding6:(2,7),656,16;ts_ds:(2,7),672,16;ts_padding7:(2,7),688,16;ts_fs:(2,7),704,16;ts_padding8:(2,7),720,16;ts_gs:(2,7),736,16;ts_padding9:(2,7),752,16;ts_ldt:(2,7),768,16;ts_padding10:(2,7),784,16;ts_t:(2,7),800,16;ts_iomb:(2,7),816,16;;
56     LSYM   0      0      00000000 2221   Gatedesc:T(1,3)=s8gd_off_15_0:(0,4),0,16;gd_sel:(0,4),16,16;gd_args:(0,4),32,5;gd_rsv1:(0,4),37,3;gd_type:(0,4),40,4;gd_s:(0,4),44,1;gd_dpl:(0,4),45,2;gd_p:(0,4),47,1;gd_off_31_16:(0,4),48,16;;
57     LSYM   0      0      00000000 2415   Pseudodesc:T(1,4)=s6pd_lim:(2,7),0,16;pd_base:(2,9),16,32;;
58     EINCL  0      0      00000000 0      
59     BINCL  0      0      000008c7 2475   ./inc/memlayout.h
60     LSYM   0      0      00000000 2493   pte_t:t(3,1)=(2,9)
61     LSYM   0      0      00000000 2512   pde_t:t(3,2)=(2,9)
62     EINCL  0      0      00000000 0      
63     GSYM   0      0      00000000 2531   entry_pgtable:G(0,19)=ar(0,20)=r(0,20);0;4294967295;;0;1023;(3,1)
64     GSYM   0      0      00000000 2597   entry_pgdir:G(0,21)=ar(0,20);0;1023;(3,2)
65     SO     0      0      f0100040 0      
66     SO     0      2      f0100040 2639   kern/init.c
67     OPT    0      0      00000000 49     gcc2_compiled.
68     LSYM   0      0      00000000 64     int:t(0,1)=r(0,1);-2147483648;2147483647;
69     LSYM   0      0      00000000 106    char:t(0,2)=r(0,2);0;127;
70     LSYM   0      0      00000000 132    long int:t(0,3)=r(0,3);-2147483648;2147483647;
71     LSYM   0      0      00000000 179    unsigned int:t(0,4)=r(0,4);0;4294967295;
72     LSYM   0      0      00000000 220    long unsigned int:t(0,5)=r(0,5);0;4294967295;
73     LSYM   0      0      00000000 266    long long int:t(0,6)=r(0,6);-0;4294967295;
74     LSYM   0      0      00000000 309    long long unsigned int:t(0,7)=r(0,7);0;-1;
75     LSYM   0      0      00000000 352    short int:t(0,8)=r(0,8);-32768;32767;
76     LSYM   0      0      00000000 390    short unsigned int:t(0,9)=r(0,9);0;65535;
77     LSYM   0      0      00000000 432    signed char:t(0,10)=r(0,10);-128;127;
78     LSYM   0      0      00000000 470    unsigned char:t(0,11)=r(0,11);0;255;
79     LSYM   0      0      00000000 507    float:t(0,12)=r(0,1);4;0;
80     LSYM   0      0      00000000 533    double:t(0,13)=r(0,1);8;0;
81     LSYM   0      0      00000000 560    long double:t(0,14)=r(0,1);12;0;
82     LSYM   0      0      00000000 593    _Decimal32:t(0,15)=r(0,1);4;0;
83     LSYM   0      0      00000000 624    _Decimal64:t(0,16)=r(0,1);8;0;
84     LSYM   0      0      00000000 655    _Decimal128:t(0,17)=r(0,1);16;0;
85     LSYM   0      0      00000000 688    void:t(0,18)=(0,18)
86     BINCL  0      0      00000000 2651   ./inc/stdio.h
87     BINCL  0      0      00000650 2665   ./inc/stdarg.h
88     LSYM   0      0      00000000 2680   va_list:t(2,1)=(2,2)=*(0,2)
89     EINCL  0      0      00000000 0      
90     EINCL  0      0      00000000 0      
91     BINCL  0      0      00000000 2708   ./inc/string.h
92     EXCL   0      0      0000607a 720    ./inc/types.h
93     EINCL  0      0      00000000 0      
94     FUN    0      0      f0100040 2723   test_backtrace:F(0,18)
95     PSYM   0      0      00000008 2746   x:p(0,1)
96     SLINE  0      13     00000000 0      
97     SLINE  0      14     0000000a 0      
98     SLINE  0      15     0000001a 0      
99     SLINE  0      16     0000001e 0      
100    SLINE  0      18     0000002b 0      
101    SLINE  0      19     00000047 0      
102    SLINE  0      20     00000057 0      
103    RSYM   0      0      00000003 2755   x:r(0,1)
104    FUN    0      0      f010009d 2764   i386_init:F(0,18)
105    SLINE  0      24     00000000 0      
106    SLINE  0      30     00000006 0      
107    SLINE  0      34     00000028 0      
108    SLINE  0      36     0000002d 0      
109    SLINE  0      39     00000041 0      
110    SLINE  0      43     0000004d 0      
111    FUN    0      0      f01000f8 2782   _panic:F(0,18)
112    PSYM   0      0      00000008 2797   file:p(0,19)=*(0,2)
113    PSYM   0      0      0000000c 2817   line:p(0,1)
114    PSYM   0      0      00000010 2829   fmt:p(0,19)
115    SLINE  0      59     00000000 0      
116    SLINE  0      62     0000000b 0      
117    SLINE  0      64     00000014 0      
118    SLINE  0      67     0000001a 0      
119    SLINE  0      69     0000001c 0      
120    SLINE  0      70     0000001f 0      
121    SLINE  0      71     00000039 0      
122    SLINE  0      72     00000045 0      
123    SLINE  0      78     00000051 0      
124    RSYM   0      0      00000000 2841   file:r(0,19)
125    RSYM   0      0      00000000 2854   line:r(0,1)
126    RSYM   0      0      00000006 2866   fmt:r(0,19)
127    FUN    0      0      f0100157 2878   _warn:F(0,18)
128    PSYM   0      0      00000008 2892   file:p(0,19)
129    PSYM   0      0      0000000c 2817   line:p(0,1)
130    PSYM   0      0      00000010 2829   fmt:p(0,19)
131    SLINE  0      84     00000000 0      
132    SLINE  0      87     00000007 0      
133    SLINE  0      88     0000000a 0      
134    SLINE  0      89     00000024 0      
135    SLINE  0      90     00000033 0      
136    SLINE  0      92     0000003f 0      
137    RSYM   0      0      00000000 2841   file:r(0,19)
138    RSYM   0      0      00000000 2854   line:r(0,1)
139    RSYM   0      0      00000000 2866   fmt:r(0,19)
140    GSYM   0      0      00000000 2905   panicstr:G(0,19)
141    SO     0      0      f010019c 0      
142    SO     0      2      f01001a0 2922   kern/console.c
143    OPT    0      0      00000000 49     gcc2_compiled.
144    LSYM   0      0      00000000 64     int:t(0,1)=r(0,1);-2147483648;2147483647;
145    LSYM   0      0      00000000 106    char:t(0,2)=r(0,2);0;127;
146    LSYM   0      0      00000000 132    long int:t(0,3)=r(0,3);-2147483648;2147483647;
147    LSYM   0      0      00000000 179    unsigned int:t(0,4)=r(0,4);0;4294967295;
148    LSYM   0      0      00000000 220    long unsigned int:t(0,5)=r(0,5);0;4294967295;
149    LSYM   0      0      00000000 266    long long int:t(0,6)=r(0,6);-0;4294967295;
150    LSYM   0      0      00000000 309    long long unsigned int:t(0,7)=r(0,7);0;-1;
151    LSYM   0      0      00000000 352    short int:t(0,8)=r(0,8);-32768;32767;
152    LSYM   0      0      00000000 390    short unsigned int:t(0,9)=r(0,9);0;65535;
153    LSYM   0      0      00000000 432    signed char:t(0,10)=r(0,10);-128;127;
154    LSYM   0      0      00000000 470    unsigned char:t(0,11)=r(0,11);0;255;
155    LSYM   0      0      00000000 507    float:t(0,12)=r(0,1);4;0;
156    LSYM   0      0      00000000 533    double:t(0,13)=r(0,1);8;0;
157    LSYM   0      0      00000000 560    long double:t(0,14)=r(0,1);12;0;
158    LSYM   0      0      00000000 593    _Decimal32:t(0,15)=r(0,1);4;0;
159    LSYM   0      0      00000000 624    _Decimal64:t(0,16)=r(0,1);8;0;
160    LSYM   0      0      00000000 655    _Decimal128:t(0,17)=r(0,1);16;0;
161    LSYM   0      0      00000000 688    void:t(0,18)=(0,18)
162    BINCL  0      0      00000000 2937   ./inc/x86.h
163    EXCL   0      0      0000607a 720    ./inc/types.h
164    EINCL  0      0      00000000 0      
165    EXCL   0      0      000008c7 2475   ./inc/memlayout.h
166    EXCL   0      0      000159c2 708    ./inc/mmu.h
167    BINCL  0      0      00000000 2949   ./inc/assert.h
168    EXCL   0      0      00000000 2651   ./inc/stdio.h
169    EXCL   0      0      00000650 2665   ./inc/stdarg.h
170    EINCL  0      0      00000000 0      
171    FUN    0      0      f01001a0 2964   serial_proc_data:f(0,1)
172    SLINE  0      52     00000000 0      
173    SOL    0      0      f01001a3 2937   ./inc/x86.h
174    SLINE  0      48     00000003 0      
175    SOL    0      0      f01001a9 2922   kern/console.c
176    SLINE  0      53     00000009 0      
177    SOL    0      0      f01001ad 2937   ./inc/x86.h
178    SLINE  0      48     0000000d 0      
179    SOL    0      0      f01001b0 2922   kern/console.c
180    SLINE  0      55     00000010 0      
181    SLINE  0      54     00000015 0      
182    SLINE  0      56     0000001a 0      
183    FUN    0      0      f01001bc 2988   cons_intr:f(0,18)
184    RSYM   0      0      00000003 3006   proc:P(0,19)=*(0,20)=f(0,1)
185    SLINE  0      395    00000000 0      
186    SLINE  0      398    00000009 0      
187    SLINE  0      399    0000000b 0      
188    SLINE  0      401    0000000f 0      
189    SLINE  0      402    00000023 0      
190    SLINE  0      403    0000002b 0      
191    SLINE  0      398    00000035 0      
192    SLINE  0      405    0000003e 0      
193    RSYM   0      0      00000002 3034   c:r(0,1)
194    LBRAC  0      0      00000000 0      
195    RBRAC  0      0      00000044 0      
196    FUN    0      0      f0100200 3043   kbd_proc_data:f(0,1)
197    SLINE  0      319    00000000 0      
198    SOL    0      0      f0100200 2937   ./inc/x86.h
199    SLINE  0      48     00000000 0      
200    SOL    0      0      f0100206 2922   kern/console.c
201    SLINE  0      324    00000006 0      
202    SOL    0      0      f010020e 2937   ./inc/x86.h
203    SLINE  0      48     0000000e 0      
204    SOL    0      0      f0100213 2922   kern/console.c
205    SLINE  0      329    00000013 0      
206    SLINE  0      331    00000017 0      
207    SLINE  0      332    0000001e 0      
208    SLINE  0      363    00000023 0      
209    SLINE  0      319    00000024 0      
210    SLINE  0      333    0000002b 0      
211    SLINE  0      335    0000002f 0      
212    SLINE  0      336    00000042 0      
213    SLINE  0      337    0000005c 0      
214    SLINE  0      338    00000066 0      
215    SLINE  0      340    00000071 0      
216    SLINE  0      341    00000076 0      
217    SLINE  0      344    0000007f 0      
218    SLINE  0      345    0000008f 0      
219    SLINE  0      347    0000009d 0      
220    SLINE  0      348    000000b0 0      
221    SLINE  0      349    000000b4 0      
222    SLINE  0      350    000000be 0      
223    SLINE  0      351    000000c3 0      
224    SLINE  0      352    000000c6 0      
225    SLINE  0      357    000000cf 0      
226    SLINE  0      362    000000d3 0      
227    SLINE  0      357    000000d5 0      
228    SLINE  0      357    000000da 0      
229    SLINE  0      358    000000e2 0      
230    SOL    0      0      f01002ee 2937   ./inc/x86.h
231    SLINE  0      98     000000ee 0      
232    SOL    0      0      f01002f9 2922   kern/console.c
233    SLINE  0      362    000000f9 0      
234    SLINE  0      325    000000fd 0      
235    SLINE  0      363    00000103 0      
236    RSYM   0      0      00000003 3034   c:r(0,1)
237    RSYM   0      0      00000002 3064   data:r(2,5)
238    LCSYM  0      0      f0112300 3076   shift:V(2,9)
239    LBRAC  0      0      00000000 0      
240    RBRAC  0      0      00000109 0      
241    FUN    0      0      f0100309 3089   cons_putc:f(0,18)
242    RSYM   0      0      00000007 3107   c:P(0,1)
243    SLINE  0      432    00000000 0      
244    SLINE  0      432    0000000b 0      
245    SOL    0      0      f0100319 2937   ./inc/x86.h
246    SLINE  0      48     00000010 0      
247    SOL    0      0      f0100334 2922   kern/console.c
248    SLINE  0      70     0000002b 0      
249    SLINE  0      71     0000002f 0      
250    SLINE  0      75     00000034 0      
251    SOL    0      0      f0100345 2937   ./inc/x86.h
252    SLINE  0      98     0000003c 0      
253    SLINE  0      48     00000047 0      
254    SOL    0      0      f010036b 2922   kern/console.c
255    SLINE  0      116    00000062 0      
256    SOL    0      0      f0100374 2937   ./inc/x86.h
257    SLINE  0      98     0000006b 0      
258    SOL    0      0      f010038c 2922   kern/console.c
259    SLINE  0      166    00000083 0      
260    SLINE  0      167    0000008b 0      
261    SLINE  0      169    00000095 0      
262    SLINE  0      171    000000be 0      
263    SLINE  0      172    000000ce 0      
264    SLINE  0      173    000000d7 0      
265    SLINE  0      177    000000ee 0      
266    SLINE  0      180    000000f6 0      
267    SLINE  0      183    00000114 0      
268    SLINE  0      184    0000011e 0      
269    SLINE  0      185    00000128 0      
270    SLINE  0      186    00000132 0      
271    SLINE  0      187    0000013c 0      
272    SLINE  0      190    00000148 0      
273    SLINE  0      197    00000166 0      
274    SLINE  0      200    00000171 0      
275    SLINE  0      202    00000190 0      
276    SLINE  0      201    00000196 0      
277    SLINE  0      202    0000019b 0      
278    SLINE  0      201    000001a1 0      
279    SLINE  0      203    000001ab 0      
280    SLINE  0      207    000001b3 0      
281    SOL    0      0      f01004c2 2937   ./inc/x86.h
282    SLINE  0      98     000001b9 0      
283    SOL    0      0      f01004ca 2922   kern/console.c
284    SLINE  0      208    000001c1 0      
285    SOL    0      0      f01004da 2937   ./inc/x86.h
286    SLINE  0      98     000001d1 0      
287    SOL    0      0      f01004ea 2922   kern/console.c
288    SLINE  0      436    000001e1 0      
289    RSYM   0      0      00000000 3116   i:r(0,1)
290    LBRAC  0      0      00000171 0      
291    RBRAC  0      0      000001b3 0      
292    FUN    0      0      f01004f2 3125   serial_intr:F(0,18)
293    SLINE  0      60     00000000 0      
294    SLINE  0      61     00000000 0      
295    SLINE  0      60     00000009 0      
296    SLINE  0      62     0000000f 0      
297    SLINE  0      63     00000019 0      
298    FUN    0      0      f010050e 3145   kbd_intr:F(0,18)
299    SLINE  0      367    00000000 0      
300    SLINE  0      368    00000006 0      
301    SLINE  0      369    00000010 0      
302    FUN    0      0      f0100520 3162   cons_getc:F(0,1)
303    SLINE  0      410    00000000 0      
304    SLINE  0      416    00000006 0      
305    SLINE  0      417    0000000b 0      
306    SLINE  0      420    00000010 0      
307    SLINE  0      421    0000001d 0      
308    SLINE  0      424    0000002d 0      
309    SLINE  0      422    0000002f 0      
310    SLINE  0      423    00000037 0      
311    SLINE  0      426    00000043 0      
312    SLINE  0      427    00000048 0      
313    RSYM   0      0      00000001 3034   c:r(0,1)
314    LBRAC  0      0      00000000 0      
315    RBRAC  0      0      0000004a 0      
316    FUN    0      0      f010056a 3179   cons_init:F(0,18)
317    SLINE  0      441    00000000 0      
318    SLINE  0      140    00000009 0      
319    SLINE  0      141    00000010 0      
320    SLINE  0      142    00000019 0      
321    SLINE  0      144    00000026 0      
322    SLINE  0      143    00000030 0      
323    SLINE  0      146    00000037 0      
324    SLINE  0      147    0000003e 0      
325    SLINE  0      139    00000048 0      
326    SLINE  0      151    0000004d 0      
327    SOL    0      0      f01005bd 2937   ./inc/x86.h
328    SLINE  0      98     00000053 0      
329    SOL    0      0      f01005c5 2922   kern/console.c
330    SLINE  0      152    0000005b 0      
331    SOL    0      0      f01005c8 2937   ./inc/x86.h
332    SLINE  0      48     0000005e 0      
333    SOL    0      0      f01005cb 2922   kern/console.c
334    SLINE  0      152    00000061 0      
335    SOL    0      0      f01005d1 2937   ./inc/x86.h
336    SLINE  0      98     00000067 0      
337    SLINE  0      48     0000006f 0      
338    SOL    0      0      f01005dc 2922   kern/console.c
339    SLINE  0      156    00000072 0      
340    SLINE  0      154    00000078 0      
341    SLINE  0      157    0000007d 0      
342    SOL    0      0      f01005ee 2937   ./inc/x86.h
343    SLINE  0      98     00000084 0      
344    SLINE  0      48     000000bf 0      
345    SOL    0      0      f010062c 2922   kern/console.c
346    SLINE  0      99     000000c2 0      
347    SOL    0      0      f0100637 2937   ./inc/x86.h
348    SLINE  0      48     000000cd 0      
349    SOL    0      0      f010063d 2922   kern/console.c
350    SLINE  0      446    000000d3 0      
351    SLINE  0      447    000000d7 0      
352    SLINE  0      448    000000e3 0      
353    RSYM   0      0      00000007 3197   cp:r(0,21)=*(2,7)
354    RSYM   0      0      00000002 3215   was:r(2,7)
355    LBRAC  0      0      00000009 0      
356    RBRAC  0      0      00000084 0      
357    FUN    0      0      f0100655 3226   cputchar:F(0,18)
358    PSYM   0      0      00000008 3243   c:p(0,1)
359    SLINE  0      455    00000000 0      
360    SLINE  0      456    00000006 0      
361    SLINE  0      457    0000000e 0      
362    FUN    0      0      f0100665 3252   getchar:F(0,1)
363    SLINE  0      461    00000000 0      
364    SLINE  0      464    00000006 0      
365    SLINE  0      467    0000000f 0      
366    RSYM   0      0      00000000 3034   c:r(0,1)
367    LBRAC  0      0      00000000 0      
368    RBRAC  0      0      00000011 0      
369    FUN    0      0      f0100676 3267   iscons:F(0,1)
370    PSYM   0      0      00000008 3281   fdnum:p(0,1)
371    SLINE  0      471    00000000 0      
372    SLINE  0      474    00000003 0      
373    LCSYM  0      0      f0112534 3294   serial_exists:S(2,1)
374    LCSYM  0      0      f0112530 3315   addr_6845:S(0,4)
375    LCSYM  0      0      f011252c 3332   crt_buf:S(0,22)=*(2,7)
376    LCSYM  0      0      f0112528 3355   crt_pos:S(2,7)
377    STSYM  0      0      f0101b40 3370   shiftcode:S(0,23)=ar(0,24)=r(0,24);0;4294967295;;0;255;(2,5)
378    STSYM  0      0      f0101a40 3431   togglecode:S(0,23)
379    STSYM  0      0      f0112200 3450   normalmap:S(0,23)
380    STSYM  0      0      f0112100 3468   shiftmap:S(0,23)
381    STSYM  0      0      f0112000 3485   ctlmap:S(0,23)
382    STSYM  0      0      f0101a20 3500   charcode:S(0,25)=ar(0,24);0;3;(0,26)=*(2,5)
383    LCSYM  0      0      f0112320 3544   cons:S(0,27)=s520buf:(0,28)=ar(0,24);0;511;(2,5),0,4096;rpos:(2,9),4096,32;wpos:(2,9),4128,32;;
384    SO     0      0      f0100680 0      
385    SO     0      2      f0100680 3640   kern/monitor.c
386    OPT    0      0      00000000 49     gcc2_compiled.
387    LSYM   0      0      00000000 64     int:t(0,1)=r(0,1);-2147483648;2147483647;
388    LSYM   0      0      00000000 106    char:t(0,2)=r(0,2);0;127;
389    LSYM   0      0      00000000 132    long int:t(0,3)=r(0,3);-2147483648;2147483647;
390    LSYM   0      0      00000000 179    unsigned int:t(0,4)=r(0,4);0;4294967295;
391    LSYM   0      0      00000000 220    long unsigned int:t(0,5)=r(0,5);0;4294967295;
392    LSYM   0      0      00000000 266    long long int:t(0,6)=r(0,6);-0;4294967295;
393    LSYM   0      0      00000000 309    long long unsigned int:t(0,7)=r(0,7);0;-1;
394    LSYM   0      0      00000000 352    short int:t(0,8)=r(0,8);-32768;32767;
395    LSYM   0      0      00000000 390    short unsigned int:t(0,9)=r(0,9);0;65535;
396    LSYM   0      0      00000000 432    signed char:t(0,10)=r(0,10);-128;127;
397    LSYM   0      0      00000000 470    unsigned char:t(0,11)=r(0,11);0;255;
398    LSYM   0      0      00000000 507    float:t(0,12)=r(0,1);4;0;
399    LSYM   0      0      00000000 533    double:t(0,13)=r(0,1);8;0;
400    LSYM   0      0      00000000 560    long double:t(0,14)=r(0,1);12;0;
401    LSYM   0      0      00000000 593    _Decimal32:t(0,15)=r(0,1);4;0;
402    LSYM   0      0      00000000 624    _Decimal64:t(0,16)=r(0,1);8;0;
403    LSYM   0      0      00000000 655    _Decimal128:t(0,17)=r(0,1);16;0;
404    LSYM   0      0      00000000 688    void:t(0,18)=(0,18)
405    EXCL   0      0      00000000 2651   ./inc/stdio.h
406    EXCL   0      0      00000650 2665   ./inc/stdarg.h
407    EXCL   0      0      00000000 2708   ./inc/string.h
408    EXCL   0      0      0000607a 720    ./inc/types.h
409    EXCL   0      0      000008c7 2475   ./inc/memlayout.h
410    EXCL   0      0      000159c2 708    ./inc/mmu.h
411    BINCL  0      0      0000300f 3655   ./kern/kdebug.h
412    LSYM   0      0      00000000 3671   Eipdebuginfo:T(7,1)=s24eip_file:(7,2)=*(0,2),0,32;eip_line:(0,1),32,32;eip_fn_name:(7,2),64,32;eip_fn_namelen:(0,1),96,32;eip_fn_addr:(4,13),128,32;eip_fn_narg:(0,1),160,32;;
413    EINCL  0      0      00000000 0      
414    LSYM   0      0      00000000 3846   Command:T(0,19)=s12name:(7,2),0,32;desc:(7,2),32,32;func:(0,20)=*(0,21)=f(0,1),64,32;;
415    FUN    0      0      f0100680 3933   mon_help:F(0,1)
416    PSYM   0      0      00000008 3949   argc:p(0,1)
417    PSYM   0      0      0000000c 3961   argv:p(0,22)=*(2,2)
418    PSYM   0      0      00000010 3981   tf:p(0,23)=*(0,24)=xsTrapframe:
419    SLINE  0      35     00000000 0      
420    SLINE  0      39     00000006 0      
421    SLINE  0      41     0000005a 0      
422    FUN    0      0      f01006e1 4013   mon_kerninfo:F(0,1)
423    PSYM   0      0      00000008 3949   argc:p(0,1)
424    PSYM   0      0      0000000c 4033   argv:p(0,22)
425    PSYM   0      0      00000010 4046   tf:p(0,23)
426    SLINE  0      45     00000000 0      
427    SLINE  0      48     00000006 0      
428    SLINE  0      49     00000012 0      
429    SLINE  0      50     00000026 0      
430    SLINE  0      51     00000042 0      
431    SLINE  0      52     0000005e 0      
432    SLINE  0      53     0000007a 0      
433    SLINE  0      55     00000096 0      
434    SLINE  0      54     000000a5 0      
435    SLINE  0      57     000000c3 0      
436    RSYM   0      0      00000000 4057   __a:r(4,9)
437    LBRAC  0      0      00000096 0      
438    RBRAC  0      0      000000a5 0      
439    FUN    0      0      f01007ab 4068   mon_backtrace:F(0,1)
440    PSYM   0      0      00000008 3949   argc:p(0,1)
441    PSYM   0      0      0000000c 4033   argv:p(0,22)
442    PSYM   0      0      00000010 4046   tf:p(0,23)
443    SLINE  0      61     00000000 0      
444    SLINE  0      65     00000009 0      
445    SOL    0      0      f01007c0 2937   ./inc/x86.h
446    SLINE  0      246    00000015 0      
447    SOL    0      0      f01007c5 3640   kern/monitor.c
448    SLINE  0      67     0000001a 0      
449    SLINE  0      68     0000001c 0      
450    SLINE  0      70     0000002c 0      
451    SLINE  0      72     00000049 0      
452    SLINE  0      71     00000052 0      
453    SLINE  0      73     00000056 0      
454    SLINE  0      75     00000085 0      
455    SLINE  0      67     00000087 0      
456    SLINE  0      78     0000008b 0      
457    RSYM   0      0      00000003 4089   ebp:r(4,9)
458    LSYM   0      0      ffffffe4 4100   arg:(0,25)=ar(0,26)=r(0,26);0;4294967295;;0;4;(4,9)
459    LBRAC  0      0      00000000 0      
460    RBRAC  0      0      00000098 0      
461    FUN    0      0      f0100843 4152   monitor:F(0,18)
462    PSYM   0      0      00000008 4046   tf:p(0,23)
463    SLINE  0      128    00000000 0      
464    SLINE  0      131    00000009 0      
465    SLINE  0      132    00000015 0      
466    SLINE  0      136    00000021 0      
467    SLINE  0      137    0000002f 0      
468    SLINE  0      96     00000033 0      
469    SLINE  0      95     0000003a 0      
470    SLINE  0      100    00000041 0      
471    SLINE  0      99     0000004b 0      
472    SLINE  0      101    00000069 0      
473    SLINE  0      105    0000006e 0      
474    SLINE  0      106    00000073 0      
475    SLINE  0      109    00000089 0      
476    SLINE  0      111    00000092 0      
477    SLINE  0      110    00000095 0      
478    SLINE  0      113    000000b5 0      
479    SLINE  0      116    000000bd 0      
480    SLINE  0      119    000000cd 0      
481    SLINE  0      120    000000e7 0      
482    SLINE  0      138    00000102 0      
483    SLINE  0      118    0000010b 0      
484    SLINE  0      122    00000113 0      
485    SLINE  0      141    0000012b 0      
486    LSYM   0      0      ffffffb8 4168   argv:(0,27)=ar(0,26);0;15;(2,2)
487    RSYM   0      0      00000003 3116   i:r(0,1)
488    LBRAC  0      0      00000033 0      
489    RBRAC  0      0      00000102 0      
490    LSYM   0      0      ffffffb8 4200   argv:(0,27)
491    RSYM   0      0      00000003 3116   i:r(0,1)
492    LBRAC  0      0      0000010b 0      
493    RBRAC  0      0      0000012b 0      
494    STSYM  0      0      f0101e80 4212   commands:S(0,28)=ar(0,26);0;2;(0,19)
495    SO     0      0      f0100976 0      
496    SO     0      2      f0100976 4249   kern/printf.c
497    OPT    0      0      00000000 49     gcc2_compiled.
498    LSYM   0      0      00000000 64     int:t(0,1)=r(0,1);-2147483648;2147483647;
499    LSYM   0      0      00000000 106    char:t(0,2)=r(0,2);0;127;
500    LSYM   0      0      00000000 132    long int:t(0,3)=r(0,3);-2147483648;2147483647;
501    LSYM   0      0      00000000 179    unsigned int:t(0,4)=r(0,4);0;4294967295;
502    LSYM   0      0      00000000 220    long unsigned int:t(0,5)=r(0,5);0;4294967295;
503    LSYM   0      0      00000000 266    long long int:t(0,6)=r(0,6);-0;4294967295;
504    LSYM   0      0      00000000 309    long long unsigned int:t(0,7)=r(0,7);0;-1;
505    LSYM   0      0      00000000 352    short int:t(0,8)=r(0,8);-32768;32767;
506    LSYM   0      0      00000000 390    short unsigned int:t(0,9)=r(0,9);0;65535;
507    LSYM   0      0      00000000 432    signed char:t(0,10)=r(0,10);-128;127;
508    LSYM   0      0      00000000 470    unsigned char:t(0,11)=r(0,11);0;255;
509    LSYM   0      0      00000000 507    float:t(0,12)=r(0,1);4;0;
510    LSYM   0      0      00000000 533    double:t(0,13)=r(0,1);8;0;
511    LSYM   0      0      00000000 560    long double:t(0,14)=r(0,1);12;0;
512    LSYM   0      0      00000000 593    _Decimal32:t(0,15)=r(0,1);4;0;
513    LSYM   0      0      00000000 624    _Decimal64:t(0,16)=r(0,1);8;0;
514    LSYM   0      0      00000000 655    _Decimal128:t(0,17)=r(0,1);16;0;
515    LSYM   0      0      00000000 688    void:t(0,18)=(0,18)
516    EXCL   0      0      0000607a 720    ./inc/types.h
517    EXCL   0      0      00000000 2651   ./inc/stdio.h
518    EXCL   0      0      00000650 2665   ./inc/stdarg.h
519    FUN    0      0      f0100976 4263   putch:f(0,18)
520    PSYM   0      0      00000008 4277   ch:p(0,1)
521    PSYM   0      0      0000000c 4287   cnt:p(0,19)=*(0,1)
522    SLINE  0      11     00000000 0      
523    SLINE  0      12     00000006 0      
524    SLINE  0      14     00000011 0      
525    RSYM   0      0      00000000 4306   ch:r(0,1)
526    FUN    0      0      f0100989 4316   vcprintf:F(0,1)
527    PSYM   0      0      00000008 4332   fmt:p(0,20)=*(0,2)
528    PSYM   0      0      0000000c 4351   ap:p(3,1)
529    SLINE  0      18     00000000 0      
530    SLINE  0      19     00000006 0      
531    SLINE  0      21     0000000d 0      
532    SLINE  0      23     0000002e 0      
533    LSYM   0      0      fffffff4 4361   cnt:(0,1)
534    RSYM   0      0      00000000 4371   fmt:r(0,20)
535    RSYM   0      0      00000000 4383   ap:r(3,1)
536    LBRAC  0      0      00000000 0      
537    RBRAC  0      0      00000033 0      
538    FUN    0      0      f01009bc 4393   cprintf:F(0,1)
539    PSYM   0      0      00000008 4408   fmt:p(0,20)
540    SLINE  0      27     00000000 0      
541    SLINE  0      31     00000006 0      
542    SLINE  0      32     00000009 0      
543    SLINE  0      36     00000018 0      
544    RSYM   0      0      00000000 4420   cnt:r(0,1)
545    RSYM   0      0      00000000 4371   fmt:r(0,20)
546    LBRAC  0      0      00000000 0      
547    RBRAC  0      0      0000001a 0      
548    SO     0      0      f01009d6 0      
549    SO     0      2      f01009d6 4431   kern/kdebug.c
550    OPT    0      0      00000000 49     gcc2_compiled.
551    LSYM   0      0      00000000 64     int:t(0,1)=r(0,1);-2147483648;2147483647;
552    LSYM   0      0      00000000 106    char:t(0,2)=r(0,2);0;127;
553    LSYM   0      0      00000000 132    long int:t(0,3)=r(0,3);-2147483648;2147483647;
554    LSYM   0      0      00000000 179    unsigned int:t(0,4)=r(0,4);0;4294967295;
555    LSYM   0      0      00000000 220    long unsigned int:t(0,5)=r(0,5);0;4294967295;
556    LSYM   0      0      00000000 266    long long int:t(0,6)=r(0,6);-0;4294967295;
557    LSYM   0      0      00000000 309    long long unsigned int:t(0,7)=r(0,7);0;-1;
558    LSYM   0      0      00000000 352    short int:t(0,8)=r(0,8);-32768;32767;
559    LSYM   0      0      00000000 390    short unsigned int:t(0,9)=r(0,9);0;65535;
560    LSYM   0      0      00000000 432    signed char:t(0,10)=r(0,10);-128;127;
561    LSYM   0      0      00000000 470    unsigned char:t(0,11)=r(0,11);0;255;
562    LSYM   0      0      00000000 507    float:t(0,12)=r(0,1);4;0;
563    LSYM   0      0      00000000 533    double:t(0,13)=r(0,1);8;0;
564    LSYM   0      0      00000000 560    long double:t(0,14)=r(0,1);12;0;
565    LSYM   0      0      00000000 593    _Decimal32:t(0,15)=r(0,1);4;0;
566    LSYM   0      0      00000000 624    _Decimal64:t(0,16)=r(0,1);8;0;
567    LSYM   0      0      00000000 655    _Decimal128:t(0,17)=r(0,1);16;0;
568    LSYM   0      0      00000000 688    void:t(0,18)=(0,18)
569    BINCL  0      0      00001ca6 4445   ./inc/stab.h
570    EXCL   0      0      0000607a 720    ./inc/types.h
571    LSYM   0      0      00000000 4458   Stab:T(1,1)=s12n_strx:(2,9),0,32;n_type:(2,5),32,8;n_other:(2,5),40,8;n_desc:(2,7),48,16;n_value:(2,13),64,32;;
572    EINCL  0      0      00000000 0      
573    EXCL   0      0      000008c7 2475   ./inc/memlayout.h
574    EXCL   0      0      000159c2 708    ./inc/mmu.h
575    EXCL   0      0      00000000 2949   ./inc/assert.h
576    EXCL   0      0      00000000 2651   ./inc/stdio.h
577    EXCL   0      0      00000650 2665   ./inc/stdarg.h
578    EXCL   0      0      0000300f 3655   ./kern/kdebug.h
579    FUN    0      0      f01009d6 4570   stab_binsearch:f(0,18)
580    RSYM   0      0      00000006 4593   stabs:P(0,19)=*(1,1)
581    RSYM   0      0      00000002 4614   region_left:P(0,20)=*(0,1)
582    RSYM   0      0      00000001 4641   region_right:P(0,20)
583    PSYM   0      0      00000008 4662   type:p(0,1)
584    PSYM   0      0      0000000c 4674   addr:p(2,13)
585    SLINE  0      53     00000000 0      
586    SLINE  0      54     00000014 0      
587    SLINE  0      56     00000022 0      
588    SLINE  0      57     00000024 0      
589    SLINE  0      60     00000033 0      
590    SLINE  0      61     00000035 0      
591    SLINE  0      60     00000036 0      
592    SLINE  0      60     0000003d 0      
593    SLINE  0      69     00000049 0      
594    SLINE  0      63     00000057 0      
595    SLINE  0      64     0000005a 0      
596    SLINE  0      70     0000005c 0      
597    SLINE  0      71     00000061 0      
598    SLINE  0      68     00000064 0      
599    SLINE  0      72     0000006d 0      
600    SLINE  0      73     00000072 0      
601    SLINE  0      68     0000007e 0      
602    SLINE  0      78     00000087 0      
603    SLINE  0      80     0000008f 0      
604    SLINE  0      68     00000094 0      
605    SLINE  0      56     0000009b 0      
606    SLINE  0      84     000000a0 0      
607    SLINE  0      85     000000a6 0      
608    SLINE  0      88     000000b3 0      
609    SLINE  0      89     000000b8 0      
610    SLINE  0      88     000000bd 0      
611    SLINE  0      90     000000bf 0      
612    SLINE  0      88     000000c0 0      
613    SLINE  0      89     000000c7 0      
614    SLINE  0      92     000000d0 0      
615    SLINE  0      94     000000d5 0      
616    RSYM   0      0      00000007 4687   type:r(0,1)
617    FUN    0      0      f0100ab3 4699   debuginfo_eip:F(0,1)
618    PSYM   0      0      00000008 4674   addr:p(2,13)
619    PSYM   0      0      0000000c 4720   info:p(0,21)=*(8,1)
620    SLINE  0      106    00000000 0      
621    SLINE  0      112    0000000f 0      
622    SLINE  0      113    00000015 0      
623    SLINE  0      114    0000001c 0      
624    SLINE  0      115    00000023 0      
625    SLINE  0      116    0000002a 0      
626    SLINE  0      117    0000002d 0      
627    SLINE  0      120    00000034 0      
628    SLINE  0      131    0000003c 0      
629    SLINE  0      127    0000004e 0      
630    SLINE  0      131    0000006a 0      
631    SLINE  0      140    00000077 0      
632    SLINE  0      141    0000007e 0      
633    SLINE  0      142    00000097 0      
634    SLINE  0      143    000000b2 0      
635    SLINE  0      148    000000bd 0      
636    SLINE  0      149    000000c0 0      
637    SLINE  0      150    000000c6 0      
638    SLINE  0      152    000000e1 0      
639    SLINE  0      155    000000e9 0      
640    SLINE  0      156    00000107 0      
641    SLINE  0      157    0000010f 0      
642    SLINE  0      165    00000117 0      
643    SLINE  0      166    0000011a 0      
644    SLINE  0      170    0000011d 0      
645    SLINE  0      189    00000136 0      
646    SLINE  0      192    00000143 0      
647    SLINE  0      189    00000149 0      
648    SLINE  0      190    0000014d 0      
649    SLINE  0      191    00000156 0      
650    SLINE  0      191    0000015b 0      
651    SLINE  0      193    00000161 0      
652    SLINE  0      194    00000179 0      
653    SLINE  0      199    00000180 0      
654    SLINE  0      205    00000186 0      
655    SLINE  0      199    0000018b 0      
656    SLINE  0      200    0000018f 0      
657    SLINE  0      203    0000019c 0      
658    SLINE  0      202    000001a0 0      
659    SLINE  0      200    000001a3 0      
660    SLINE  0      201    000001aa 0      
661    SLINE  0      205    000001b0 0      
662    SLINE  0      132    000001b7 0      
663    SLINE  0      144    000001c5 0      
664    SLINE  0      205    000001cc 0      
665    SLINE  0      206    000001d1 0      
666    LSYM   0      0      fffffff4 4740   lfile:(0,1)
667    LSYM   0      0      fffffff0 4752   rfile:(0,1)
668    LSYM   0      0      ffffffec 4764   lfun:(0,1)
669    LSYM   0      0      ffffffe8 4775   rfun:(0,1)
670    RSYM   0      0      00000006 4786   addr:r(2,13)
671    RSYM   0      0      00000003 4799   info:r(0,21)
672    LBRAC  0      0      00000000 0      
673    RBRAC  0      0      000001d9 0      
674    SO     0      0      f0100c8c 0      
675    SO     0      2      f0100c90 4812   lib/printfmt.c
676    OPT    0      0      00000000 49     gcc2_compiled.
677    LSYM   0      0      00000000 64     int:t(0,1)=r(0,1);-2147483648;2147483647;
678    LSYM   0      0      00000000 106    char:t(0,2)=r(0,2);0;127;
679    LSYM   0      0      00000000 132    long int:t(0,3)=r(0,3);-2147483648;2147483647;
680    LSYM   0      0      00000000 179    unsigned int:t(0,4)=r(0,4);0;4294967295;
681    LSYM   0      0      00000000 220    long unsigned int:t(0,5)=r(0,5);0;4294967295;
682    LSYM   0      0      00000000 266    long long int:t(0,6)=r(0,6);-0;4294967295;
683    LSYM   0      0      00000000 309    long long unsigned int:t(0,7)=r(0,7);0;-1;
684    LSYM   0      0      00000000 352    short int:t(0,8)=r(0,8);-32768;32767;
685    LSYM   0      0      00000000 390    short unsigned int:t(0,9)=r(0,9);0;65535;
686    LSYM   0      0      00000000 432    signed char:t(0,10)=r(0,10);-128;127;
687    LSYM   0      0      00000000 470    unsigned char:t(0,11)=r(0,11);0;255;
688    LSYM   0      0      00000000 507    float:t(0,12)=r(0,1);4;0;
689    LSYM   0      0      00000000 533    double:t(0,13)=r(0,1);8;0;
690    LSYM   0      0      00000000 560    long double:t(0,14)=r(0,1);12;0;
691    LSYM   0      0      00000000 593    _Decimal32:t(0,15)=r(0,1);4;0;
692    LSYM   0      0      00000000 624    _Decimal64:t(0,16)=r(0,1);8;0;
693    LSYM   0      0      00000000 655    _Decimal128:t(0,17)=r(0,1);16;0;
694    LSYM   0      0      00000000 688    void:t(0,18)=(0,18)
695    EXCL   0      0      0000607a 720    ./inc/types.h
696    EXCL   0      0      00000000 2651   ./inc/stdio.h
697    EXCL   0      0      00000650 2665   ./inc/stdarg.h
698    BINCL  0      0      00001d69 4827   ./inc/error.h
699    LSYM   0      0      00000000 4841    :T(4,1)=eE_UNSPECIFIED:1,E_BAD_ENV:2,E_INVAL:3,E_NO_MEM:4,E_NO_FREE_ENV:5,E_FAULT:6,E_NO_SYS:7,MAXERROR:8,;
700    EINCL  0      0      00000000 0      
701    LSYM   0      0      00000000 4950   sprintbuf:T(0,19)=s12buf:(3,2),0,32;ebuf:(3,2),32,32;cnt:(0,1),64,32;;
702    FUN    0      0      f0100c90 5021   printnum:f(0,18)
703    RSYM   0      0      00000000 5038   putch:P(0,20)=*(0,21)=f(0,18)
704    RSYM   0      0      00000007 5068   putdat:P(0,22)=*(0,18)
705    PSYM   0      0      00000008 5091   num:p(0,7)
706    PSYM   0      0      00000010 5102   base:p(0,4)
707    PSYM   0      0      00000014 5114   width:p(0,1)
708    PSYM   0      0      00000018 5127   padc:p(0,1)
709    SLINE  0      38     00000000 0      
710    SLINE  0      40     00000022 0      
711    SLINE  0      41     00000036 0      
712    SLINE  0      45     00000091 0      
713    SLINE  0      44     000000a2 0      
714    SLINE  0      49     000000ac 0      
715    SLINE  0      50     000000e7 0      
716    RSYM   0      0      00000000 5139   base:r(0,4)
717    RSYM   0      0      00000006 5151   width:r(0,1)
718    FUN    0      0      f0100d7f 5164   getuint:f(0,7)
719    RSYM   0      0      00000000 5179   ap:P(0,23)=*(3,1)
720    RSYM   0      0      00000002 5197   lflag:P(0,1)
721    SLINE  0      56     00000000 0      
722    SLINE  0      57     00000003 0      
723    SLINE  0      58     00000008 0      
724    SLINE  0      59     00000016 0      
725    SLINE  0      60     0000001a 0      
726    SLINE  0      62     0000002a 0      
727    SLINE  0      63     00000038 0      
728    FUN    0      0      f0100db9 5210   sprintputch:f(0,18)
729    PSYM   0      0      00000008 4277   ch:p(0,1)
730    PSYM   0      0      0000000c 5230   b:p(0,24)=*(0,19)
731    SLINE  0      267    00000000 0      
732    SLINE  0      268    00000006 0      
733    SLINE  0      269    0000000a 0      
734    SLINE  0      270    00000011 0      
735    SLINE  0      271    0000001b 0      
736    RSYM   0      0      00000000 4306   ch:r(0,1)
737    RSYM   0      0      00000000 5248   b:r(0,24)
738    FUN    0      0      f0100dd6 5258   printfmt:F(0,18)
739    PSYM   0      0      00000008 5275   putch:p(0,20)
740    PSYM   0      0      0000000c 5289   putdat:p(0,22)
741    PSYM   0      0      00000010 5304   fmt:p(0,25)=*(0,2)
742    SLINE  0      251    00000000 0      
743    SLINE  0      254    00000006 0      
744    SLINE  0      255    00000009 0      
745    SLINE  0      257    00000026 0      
746    RSYM   0      0      00000000 5323   putch:r(0,20)
747    RSYM   0      0      00000000 5337   putdat:r(0,22)
748    RSYM   0      0      00000000 5352   fmt:r(0,25)
749    FUN    0      0      f0100dfe 5364   vprintfmt:F(0,18)
750    PSYM   0      0      00000008 5275   putch:p(0,20)
751    PSYM   0      0      0000000c 5289   putdat:p(0,22)
752    PSYM   0      0      00000010 5382   fmt:p(0,25)
753    PSYM   0      0      00000014 4351   ap:p(3,1)
754    SLINE  0      84     00000000 0      
755    SLINE  0      93     00000011 0      
756    SLINE  0      95     00000019 0      
757    SLINE  0      92     00000023 0      
758    SLINE  0      92     00000025 0      
759    SLINE  0      92     00000030 0      
760    SLINE  0      105    00000050 0      
761    SLINE  0      109    00000052 0      
762    SLINE  0      105    00000058 0      
763    SLINE  0      114    0000005a 0      
764    SLINE  0      150    00000060 0      
765    SLINE  0      105    0000006d 0      
766    SLINE  0      128    00000093 0      
767    SLINE  0      129    0000009a 0      
768    SLINE  0      130    0000009d 0      
769    SLINE  0      127    000000a5 0      
770    SLINE  0      132    000000a8 0      
771    SLINE  0      136    000000aa 0      
772    SLINE  0      105    000000b8 0      
773    SLINE  0      137    000000ba 0      
774    SLINE  0      105    000000cc 0      
775    SLINE  0      145    000000d2 0      
776    SLINE  0      146    000000d9 0      
777    SLINE  0      149    000000de 0      
778    SLINE  0      155    000000e9 0      
779    SLINE  0      105    000000ec 0      
780    SLINE  0      156    000000ee 0      
781    SLINE  0      160    000000f3 0      
782    SLINE  0      161    00000108 0      
783    SLINE  0      165    0000010d 0      
784    SLINE  0      168    0000011d 0      
785    SLINE  0      168    00000122 0      
786    SLINE  0      169    0000012d 0      
787    SLINE  0      171    0000014d 0      
788    SLINE  0      105    0000016d 0      
789    SLINE  0      176    00000176 0      
790    SLINE  0      177    00000181 0      
791    SLINE  0      178    0000018b 0      
792    SLINE  0      179    0000019f 0      
793    SLINE  0      180    000001b3 0      
794    SLINE  0      179    000001c5 0      
795    SLINE  0      180    000001c7 0      
796    SLINE  0      179    000001d3 0      
797    SLINE  0      179    000001d6 0      
798    SLINE  0      182    000001f6 0      
799    SLINE  0      182    000001fc 0      
800    SLINE  0      183    00000207 0      
801    SLINE  0      185    0000021a 0      
802    SLINE  0      181    00000227 0      
803    SLINE  0      181    00000246 0      
804    SLINE  0      181    00000254 0      
805    SLINE  0      181    00000258 0      
806    SLINE  0      187    00000269 0      
807    SLINE  0      186    00000276 0      
808    SLINE  0      186    00000283 0      
809    SLINE  0      70     00000292 0      
810    SLINE  0      71     00000297 0      
811    SLINE  0      72     000002ad 0      
812    SLINE  0      73     000002b1 0      
813    SLINE  0      75     000002c9 0      
814    SLINE  0      192    000002df 0      
815    SLINE  0      197    000002e5 0      
816    SLINE  0      193    000002ea 0      
817    SLINE  0      194    000002f4 0      
818    SLINE  0      195    00000302 0      
819    SLINE  0      197    0000030f 0      
820    SLINE  0      202    00000316 0      
821    SLINE  0      203    0000031e 0      
822    SLINE  0      204    00000323 0      
823    SLINE  0      213    00000325 0      
824    SLINE  0      214    0000032d 0      
825    SLINE  0      215    00000332 0      
826    SLINE  0      219    00000334 0      
827    SLINE  0      220    00000342 0      
828    SLINE  0      222    00000350 0      
829    SLINE  0      221    00000359 0      
830    SLINE  0      223    00000360 0      
831    SLINE  0      224    00000365 0      
832    SLINE  0      228    00000367 0      
833    SLINE  0      229    0000036f 0      
834    SLINE  0      231    00000374 0      
835    SLINE  0      232    00000398 0      
836    SLINE  0      236    0000039d 0      
837    SLINE  0      237    000003a7 0      
838    SLINE  0      241    000003ac 0      
839    SLINE  0      242    000003ba 0      
840    SLINE  0      242    000003be 0      
841    SLINE  0      242    000003c1 0      
842    SLINE  0      247    000003cc 0      
843    RSYM   0      0      00000000 5394   num:r(0,7)
844    RSYM   0      0      00000001 5405   base:r(0,1)
845    RSYM   0      0      00000002 5417   lflag:r(0,1)
846    RSYM   0      0      00000007 5337   putdat:r(0,22)
847    RSYM   0      0      00000003 5352   fmt:r(0,25)
848    LBRAC  0      0      00000000 0      
849    RBRAC  0      0      000003d4 0      
850    FUN    0      0      f01011d2 5430   vsnprintf:F(0,1)
851    PSYM   0      0      00000008 5447   buf:p(3,2)
852    PSYM   0      0      0000000c 5458   n:p(0,1)
853    PSYM   0      0      00000010 5382   fmt:p(0,25)
854    PSYM   0      0      00000014 4351   ap:p(3,1)
855    SLINE  0      275    00000000 0      
856    SLINE  0      276    0000000c 0      
857    SLINE  0      278    0000001d 0      
858    SLINE  0      282    00000025 0      
859    SLINE  0      285    00000046 0      
860    SLINE  0      287    0000004c 0      
861    SLINE  0      279    00000051 0      
862    SLINE  0      288    00000056 0      
863    LSYM   0      0      ffffffec 5467   b:(0,19)
864    RSYM   0      0      00000000 5476   buf:r(3,2)
865    RSYM   0      0      00000002 5487   n:r(0,1)
866    RSYM   0      0      00000000 5352   fmt:r(0,25)
867    RSYM   0      0      00000000 4383   ap:r(3,1)
868    LBRAC  0      0      00000000 0      
869    RBRAC  0      0      00000058 0      
870    FUN    0      0      f010122a 5496   snprintf:F(0,1)
871    PSYM   0      0      00000008 5447   buf:p(3,2)
872    PSYM   0      0      0000000c 5458   n:p(0,1)
873    PSYM   0      0      00000010 5382   fmt:p(0,25)
874    SLINE  0      292    00000000 0      
875    SLINE  0      296    00000006 0      
876    SLINE  0      297    00000009 0      
877    SLINE  0      301    00000026 0      
878    RSYM   0      0      00000000 5512   rc:r(0,1)
879    RSYM   0      0      00000000 5476   buf:r(3,2)
880    RSYM   0      0      00000000 5487   n:r(0,1)
881    RSYM   0      0      00000000 5352   fmt:r(0,25)
882    LBRAC  0      0      00000000 0      
883    RBRAC  0      0      00000028 0      
884    STSYM  0      0      f01020c0 5522   error_string:S(0,26)=ar(0,27)=r(0,27);0;4294967295;;0;7;(0,25)
885    SO     0      0      f0101252 0      
886    SO     0      2      f0101260 5585   lib/readline.c
887    OPT    0      0      00000000 49     gcc2_compiled.
888    LSYM   0      0      00000000 64     int:t(0,1)=r(0,1);-2147483648;2147483647;
889    LSYM   0      0      00000000 106    char:t(0,2)=r(0,2);0;127;
890    LSYM   0      0      00000000 132    long int:t(0,3)=r(0,3);-2147483648;2147483647;
891    LSYM   0      0      00000000 179    unsigned int:t(0,4)=r(0,4);0;4294967295;
892    LSYM   0      0      00000000 220    long unsigned int:t(0,5)=r(0,5);0;4294967295;
893    LSYM   0      0      00000000 266    long long int:t(0,6)=r(0,6);-0;4294967295;
894    LSYM   0      0      00000000 309    long long unsigned int:t(0,7)=r(0,7);0;-1;
895    LSYM   0      0      00000000 352    short int:t(0,8)=r(0,8);-32768;32767;
896    LSYM   0      0      00000000 390    short unsigned int:t(0,9)=r(0,9);0;65535;
897    LSYM   0      0      00000000 432    signed char:t(0,10)=r(0,10);-128;127;
898    LSYM   0      0      00000000 470    unsigned char:t(0,11)=r(0,11);0;255;
899    LSYM   0      0      00000000 507    float:t(0,12)=r(0,1);4;0;
900    LSYM   0      0      00000000 533    double:t(0,13)=r(0,1);8;0;
901    LSYM   0      0      00000000 560    long double:t(0,14)=r(0,1);12;0;
902    LSYM   0      0      00000000 593    _Decimal32:t(0,15)=r(0,1);4;0;
903    LSYM   0      0      00000000 624    _Decimal64:t(0,16)=r(0,1);8;0;
904    LSYM   0      0      00000000 655    _Decimal128:t(0,17)=r(0,1);16;0;
905    LSYM   0      0      00000000 688    void:t(0,18)=(0,18)
906    EXCL   0      0      00000000 2651   ./inc/stdio.h
907    EXCL   0      0      00000650 2665   ./inc/stdarg.h
908    EXCL   0      0      00001d69 4827   ./inc/error.h
909    FUN    0      0      f0101260 5600   readline:F(2,2)
910    PSYM   0      0      00000008 5616   prompt:p(0,19)=*(0,2)
911    SLINE  0      9      00000000 0      
912    SLINE  0      12     0000000c 0      
913    SLINE  0      13     00000010 0      
914    SLINE  0      16     00000020 0      
915    SLINE  0      15     0000002e 0      
916    SLINE  0      18     00000033 0      
917    SLINE  0      19     0000003a 0      
918    SLINE  0      20     0000003e 0      
919    SLINE  0      21     0000004e 0      
920    SLINE  0      22     00000055 0      
921    SLINE  0      22     0000005f 0      
922    SLINE  0      23     00000063 0      
923    SLINE  0      24     00000067 0      
924    SLINE  0      25     00000073 0      
925    SLINE  0      26     00000078 0      
926    SLINE  0      27     00000085 0      
927    SLINE  0      28     00000089 0      
928    SLINE  0      29     00000091 0      
929    SLINE  0      30     0000009c 0      
930    SLINE  0      31     000000a6 0      
931    SLINE  0      32     000000aa 0      
932    SLINE  0      33     000000b6 0      
933    SLINE  0      34     000000bd 0      
934    SLINE  0      37     000000c2 0      
935    RSYM   0      0      00000003 3034   c:r(0,1)
936    RSYM   0      0      00000007 5638   echoing:r(0,1)
937    RSYM   0      0      00000000 5653   prompt:r(0,19)
938    LBRAC  0      0      00000000 0      
939    RBRAC  0      0      000000ca 0      
940    LCSYM  0      0      f0112540 5668   buf:S(0,20)=ar(0,21)=r(0,21);0;4294967295;;0;1023;(0,2)
941    SO     0      0      f010132a 0      
942    SO     0      2      f0101330 5724   lib/string.c
943    OPT    0      0      00000000 49     gcc2_compiled.
944    LSYM   0      0      00000000 64     int:t(0,1)=r(0,1);-2147483648;2147483647;
945    LSYM   0      0      00000000 106    char:t(0,2)=r(0,2);0;127;
946    LSYM   0      0      00000000 132    long int:t(0,3)=r(0,3);-2147483648;2147483647;
947    LSYM   0      0      00000000 179    unsigned int:t(0,4)=r(0,4);0;4294967295;
948    LSYM   0      0      00000000 220    long unsigned int:t(0,5)=r(0,5);0;4294967295;
949    LSYM   0      0      00000000 266    long long int:t(0,6)=r(0,6);-0;4294967295;
950    LSYM   0      0      00000000 309    long long unsigned int:t(0,7)=r(0,7);0;-1;
951    LSYM   0      0      00000000 352    short int:t(0,8)=r(0,8);-32768;32767;
952    LSYM   0      0      00000000 390    short unsigned int:t(0,9)=r(0,9);0;65535;
953    LSYM   0      0      00000000 432    signed char:t(0,10)=r(0,10);-128;127;
954    LSYM   0      0      00000000 470    unsigned char:t(0,11)=r(0,11);0;255;
955    LSYM   0      0      00000000 507    float:t(0,12)=r(0,1);4;0;
956    LSYM   0      0      00000000 533    double:t(0,13)=r(0,1);8;0;
957    LSYM   0      0      00000000 560    long double:t(0,14)=r(0,1);12;0;
958    LSYM   0      0      00000000 593    _Decimal32:t(0,15)=r(0,1);4;0;
959    LSYM   0      0      00000000 624    _Decimal64:t(0,16)=r(0,1);8;0;
960    LSYM   0      0      00000000 655    _Decimal128:t(0,17)=r(0,1);16;0;
961    LSYM   0      0      00000000 688    void:t(0,18)=(0,18)
962    EXCL   0      0      00000000 2708   ./inc/string.h
963    EXCL   0      0      0000607a 720    ./inc/types.h
964    FUN    0      0      f0101330 5737   strlen:F(0,1)
965    PSYM   0      0      00000008 5751   s:p(0,19)=*(0,2)
966    SLINE  0      13     00000000 0      
967    SLINE  0      16     00000006 0      
968    SLINE  0      17     0000000d 0      
969    SLINE  0      16     00000010 0      
970    SLINE  0      19     00000016 0      
971    RSYM   0      0      00000000 5487   n:r(0,1)
972    RSYM   0      0      00000002 5768   s:r(0,19)
973    LBRAC  0      0      00000000 0      
974    RBRAC  0      0      00000018 0      
975    FUN    0      0      f0101348 5778   strnlen:F(0,1)
976    PSYM   0      0      00000008 5793   s:p(0,19)
977    PSYM   0      0      0000000c 5803   size:p(2,16)
978    SLINE  0      23     00000000 0      
979    SLINE  0      26     00000009 0      
980    SLINE  0      27     00000010 0      
981    SLINE  0      26     00000013 0      
982    SLINE  0      26     00000017 0      
983    SLINE  0      29     0000001d 0      
984    RSYM   0      0      00000000 5487   n:r(0,1)
985    RSYM   0      0      00000001 5768   s:r(0,19)
986    LBRAC  0      0      00000000 0      
987    RBRAC  0      0      0000001f 0      
988    FUN    0      0      f0101367 5816   strcpy:F(0,20)=*(0,2)
989    PSYM   0      0      00000008 5838   dst:p(0,20)
990    PSYM   0      0      0000000c 5850   src:p(0,19)
991    SLINE  0      33     00000000 0      
992    SLINE  0      37     0000000a 0      
993    SLINE  0      37     0000000c 0      
994    SLINE  0      40     0000001d 0      
995    RSYM   0      0      00000000 5862   dst:r(0,20)
996    RSYM   0      0      00000001 5874   src:r(0,19)
997    FUN    0      0      f0101387 5886   strcat:F(0,20)
998    PSYM   0      0      00000008 5838   dst:p(0,20)
999    PSYM   0      0      0000000c 5850   src:p(0,19)
1000   SLINE  0      44     00000000 0      
1001   SLINE  0      45     0000000a 0      
1002   SLINE  0      46     00000012 0      
1003   SLINE  0      48     00000023 0      
1004   RSYM   0      0      00000000 5901   len:r(0,1)
1005   RSYM   0      0      00000003 5862   dst:r(0,20)
1006   RSYM   0      0      00000002 5874   src:r(0,19)
1007   LBRAC  0      0      00000000 0      
1008   RBRAC  0      0      0000002b 0      
1009   FUN    0      0      f01013b2 5912   strncpy:F(0,20)
1010   PSYM   0      0      00000008 5838   dst:p(0,20)
1011   PSYM   0      0      0000000c 5850   src:p(0,19)
1012   PSYM   0      0      00000010 5803   size:p(2,16)
1013   SLINE  0      51     00000000 0      
1014   SLINE  0      56     00000010 0      
1015   SLINE  0      57     00000014 0      
1016   SLINE  0      60     0000001d 0      
1017   SLINE  0      56     00000023 0      
1018   SLINE  0      63     00000027 0      
1019   RSYM   0      0      00000006 5862   dst:r(0,20)
1020   RSYM   0      0      00000001 5874   src:r(0,19)
1021   FUN    0      0      f01013df 5928   strlcpy:F(2,16)
1022   PSYM   0      0      00000008 5838   dst:p(0,20)
1023   PSYM   0      0      0000000c 5850   src:p(0,19)
1024   PSYM   0      0      00000010 5803   size:p(2,16)
1025   SLINE  0      67     00000000 0      
1026   SLINE  0      71     00000014 0      
1027   SLINE  0      73     0000001a 0      
1028   SLINE  0      72     00000023 0      
1029   SLINE  0      72     00000027 0      
1030   SLINE  0      74     00000034 0      
1031   SLINE  0      76     00000037 0      
1032   SLINE  0      77     00000039 0      
1033   RSYM   0      0      00000006 5862   dst:r(0,20)
1034   RSYM   0      0      00000002 5874   src:r(0,19)
1035   RSYM   0      0      00000001 5944   size:r(2,16)
1036   FUN    0      0      f010141c 5957   strcmp:F(0,1)
1037   PSYM   0      0      00000008 5971   p:p(0,19)
1038   PSYM   0      0      0000000c 5981   q:p(0,19)
1039   SLINE  0      81     00000000 0      
1040   SLINE  0      82     00000009 0      
1041   SLINE  0      83     0000000b 0      
1042   SLINE  0      82     00000011 0      
1043   SLINE  0      82     00000018 0      
1044   SLINE  0      84     0000001c 0      
1045   SLINE  0      85     00000024 0      
1046   RSYM   0      0      00000001 5991   p:r(0,19)
1047   RSYM   0      0      00000002 6001   q:r(0,19)
1048   FUN    0      0      f0101442 6011   strncmp:F(0,1)
1049   PSYM   0      0      00000008 5971   p:p(0,19)
1050   PSYM   0      0      0000000c 5981   q:p(0,19)
1051   PSYM   0      0      00000010 6026   n:p(2,16)
1052   SLINE  0      89     00000000 0      
1053   SLINE  0      90     0000000f 0      
1054   SLINE  0      91     00000011 0      
1055   SLINE  0      90     00000017 0      
1056   SLINE  0      90     0000001b 0      
1057   SLINE  0      90     00000022 0      
1058   SLINE  0      95     00000026 0      
1059   SLINE  0      93     00000030 0      
1060   SLINE  0      96     00000035 0      
1061   RSYM   0      0      00000000 5991   p:r(0,19)
1062   RSYM   0      0      00000002 6001   q:r(0,19)
1063   FUN    0      0      f010147a 6036   strchr:F(0,20)
1064   PSYM   0      0      00000008 5793   s:p(0,19)
1065   PSYM   0      0      0000000c 3243   c:p(0,1)
1066   SLINE  0      102    00000000 0      
1067   SLINE  0      103    0000000a 0      
1068   SLINE  0      104    0000000c 0      
1069   SLINE  0      103    00000010 0      
1070   SLINE  0      103    00000013 0      
1071   SLINE  0      106    0000001a 0      
1072   SLINE  0      107    0000001f 0      
1073   RSYM   0      0      00000000 5768   s:r(0,19)
1074   RSYM   0      0      00000001 6051   c:r(0,2)
1075   FUN    0      0      f010149b 6060   strfind:F(0,20)
1076   PSYM   0      0      00000008 5793   s:p(0,19)
1077   PSYM   0      0      0000000c 3243   c:p(0,1)
1078   SLINE  0      113    00000000 0      
1079   SLINE  0      114    0000000a 0      
1080   SLINE  0      115    0000000c 0      
1081   SLINE  0      114    00000010 0      
1082   SLINE  0      114    00000013 0      
1083   SLINE  0      118    0000001a 0      
1084   RSYM   0      0      00000000 5768   s:r(0,19)
1085   RSYM   0      0      00000001 6051   c:r(0,2)
1086   FUN    0      0      f01014b7 6076   memset:F(0,21)=*(0,18)
1087   PSYM   0      0      00000008 6099   v:p(0,21)
1088   PSYM   0      0      0000000c 3243   c:p(0,1)
1089   PSYM   0      0      00000010 6026   n:p(2,16)
1090   SLINE  0      123    00000000 0      
1091   SLINE  0      126    0000000c 0      
1092   SLINE  0      128    00000010 0      
1093   SLINE  0      128    00000018 0      
1094   SLINE  0      129    0000001d 0      
1095   SLINE  0      130    00000021 0      
1096   SLINE  0      132    00000038 0      
1097   SLINE  0      131    0000003b 0      
1098   SLINE  0      135    00000040 0      
1099   SLINE  0      139    00000046 0      
1100   RSYM   0      0      00000007 6109   v:r(0,21)
1101   RSYM   0      0      00000001 6119   n:r(2,16)
1102   FUN    0      0      f0101504 6129   memmove:F(0,21)
1103   PSYM   0      0      00000008 6145   dst:p(0,21)
1104   PSYM   0      0      0000000c 6157   src:p(0,22)=*(0,18)
1105   PSYM   0      0      00000010 6026   n:p(2,16)
1106   SLINE  0      143    00000000 0      
1107   SLINE  0      149    0000000e 0      
1108   SLINE  0      149    00000012 0      
1109   SLINE  0      151    00000019 0      
1110   SLINE  0      152    00000020 0      
1111   SLINE  0      152    00000028 0      
1112   SLINE  0      154    0000002d 0      
1113   SLINE  0      153    00000036 0      
1114   SLINE  0      157    0000003b 0      
1115   SLINE  0      156    00000041 0      
1116   SLINE  0      159    00000044 0      
1117   SLINE  0      161    0000004b 0      
1118   SLINE  0      161    00000050 0      
1119   SLINE  0      163    00000055 0      
1120   SLINE  0      162    00000058 0      
1121   SLINE  0      165    0000005f 0      
1122   SLINE  0      169    00000064 0      
1123   RSYM   0      0      00000007 6177   d:r(0,20)
1124   RSYM   0      0      00000000 6187   dst:r(0,21)
1125   RSYM   0      0      00000006 6199   src:r(0,22)
1126   RSYM   0      0      00000001 6119   n:r(2,16)
1127   LBRAC  0      0      00000000 0      
1128   RBRAC  0      0      00000068 0      
1129   FUN    0      0      f010156c 6211   memcpy:F(0,21)
1130   PSYM   0      0      00000008 6145   dst:p(0,21)
1131   PSYM   0      0      0000000c 6226   src:p(0,22)
1132   PSYM   0      0      00000010 6026   n:p(2,16)
1133   SLINE  0      210    00000000 0      
1134   SLINE  0      211    00000006 0      
1135   SLINE  0      212    0000001f 0      
1136   RSYM   0      0      00000000 6187   dst:r(0,21)
1137   RSYM   0      0      00000000 6199   src:r(0,22)
1138   RSYM   0      0      00000000 6119   n:r(2,16)
1139   FUN    0      0      f010158d 6238   memcmp:F(0,1)
1140   PSYM   0      0      00000008 6252   v1:p(0,22)
1141   PSYM   0      0      0000000c 6263   v2:p(0,22)
1142   PSYM   0      0      00000010 6026   n:p(2,16)
1143   SLINE  0      216    00000000 0      
1144   SLINE  0      220    00000010 0      
1145   SLINE  0      221    00000012 0      
1146   SLINE  0      222    0000001c 0      
1147   SLINE  0      223    00000026 0      
1148   SLINE  0      220    0000002c 0      
1149   SLINE  0      226    00000030 0      
1150   SLINE  0      227    00000035 0      
1151   RSYM   0      0      00000002 6274   v1:r(0,22)
1152   RSYM   0      0      00000001 6285   v2:r(0,22)
1153   FUN    0      0      f01015c6 6296   memfind:F(0,21)
1154   PSYM   0      0      00000008 6312   s:p(0,22)
1155   PSYM   0      0      0000000c 3243   c:p(0,1)
1156   PSYM   0      0      00000010 6026   n:p(2,16)
1157   SLINE  0      231    00000000 0      
1158   SLINE  0      232    00000009 0      
1159   SLINE  0      233    0000000e 0      
1160   SLINE  0      234    00000010 0      
1161   SLINE  0      233    00000014 0      
1162   SLINE  0      233    00000017 0      
1163   SLINE  0      237    0000001b 0      
1164   RSYM   0      0      00000002 6322   ends:r(0,22)
1165   RSYM   0      0      00000000 6335   s:r(0,22)
1166   RSYM   0      0      00000001 3034   c:r(0,1)
1167   LBRAC  0      0      00000000 0      
1168   RBRAC  0      0      0000001d 0      
1169   FUN    0      0      f01015e3 6345   strtol:F(0,3)
1170   PSYM   0      0      00000008 5793   s:p(0,19)
1171   PSYM   0      0      0000000c 6359   endptr:p(0,23)=*(0,20)
1172   PSYM   0      0      00000010 6382   base:p(0,1)
1173   SLINE  0      241    00000000 0      
1174   SLINE  0      246    0000000c 0      
1175   SLINE  0      247    0000000e 0      
1176   SLINE  0      246    00000011 0      
1177   SLINE  0      250    0000001e 0      
1178   SLINE  0      251    00000023 0      
1179   SLINE  0      242    00000026 0      
1180   SLINE  0      252    00000032 0      
1181   SLINE  0      253    00000037 0      
1182   SLINE  0      256    0000003e 0      
1183   SLINE  0      256    00000045 0      
1184   SLINE  0      257    00000050 0      
1185   SLINE  0      258    0000005a 0      
1186   SLINE  0      261    0000005e 0      
1187   SLINE  0      258    00000060 0      
1188   SLINE  0      259    00000065 0      
1189   SLINE  0      261    0000006a 0      
1190   SLINE  0      267    00000072 0      
1191   SLINE  0      268    0000007e 0      
1192   SLINE  0      269    00000086 0      
1193   SLINE  0      270    0000008f 0      
1194   SLINE  0      271    00000097 0      
1195   SLINE  0      272    000000a0 0      
1196   SLINE  0      275    000000a6 0      
1197   SLINE  0      277    000000ab 0      
1198   SLINE  0      279    000000b4 0      
1199   SLINE  0      281    000000bc 0      
1200   SLINE  0      282    000000c2 0      
1201   SLINE  0      283    000000c7 0      
1202   SLINE  0      284    000000ce 0      
1203   RSYM   0      0      00000007 6394   neg:r(0,1)
1204   RSYM   0      0      00000002 5768   s:r(0,19)
1205   RSYM   0      0      00000000 5405   base:r(0,1)
1206   LBRAC  0      0      00000000 0      
1207   RSYM   0      0      00000001 6405   dig:r(0,1)
1208   LBRAC  0      0      00000072 0      
1209   RBRAC  0      0      000000b4 0      
1210   RBRAC  0      0      000000d3 0      
1211   SO     0      0      f01016b6 0      
1212   HdrSym 0      0      00000000 0     

